mode: set
github.com/josecordaz/run/cmd/nm.go:35.47,38.3 2 0
github.com/josecordaz/run/cmd/nm.go:41.30,43.16 2 0
github.com/josecordaz/run/cmd/nm.go:47.2,47.29 1 0
github.com/josecordaz/run/cmd/nm.go:43.16,46.3 2 0
github.com/josecordaz/run/cmd/nm.go:47.29,48.19 1 0
github.com/josecordaz/run/cmd/nm.go:48.19,49.37 1 0
github.com/josecordaz/run/cmd/nm.go:49.37,52.5 2 0
github.com/josecordaz/run/cmd/nm.go:52.10,54.5 1 0
github.com/josecordaz/run/cmd/nm.go:59.13,71.2 1 1
github.com/josecordaz/run/cmd/root.go:45.16,46.42 1 0
github.com/josecordaz/run/cmd/root.go:46.42,49.3 2 0
github.com/josecordaz/run/cmd/root.go:52.13,63.2 3 1
github.com/josecordaz/run/cmd/root.go:66.19,67.19 1 0
github.com/josecordaz/run/cmd/root.go:83.2,86.45 2 0
github.com/josecordaz/run/cmd/root.go:67.19,70.3 1 0
github.com/josecordaz/run/cmd/root.go:70.8,73.17 2 0
github.com/josecordaz/run/cmd/root.go:79.3,80.30 2 0
github.com/josecordaz/run/cmd/root.go:73.17,76.4 2 0
github.com/josecordaz/run/cmd/root.go:86.45,88.3 1 0
github.com/josecordaz/run/cmd/size.go:35.37,35.54 1 0
github.com/josecordaz/run/cmd/size.go:36.37,36.64 1 0
github.com/josecordaz/run/cmd/size.go:37.37,37.69 1 0
github.com/josecordaz/run/cmd/size.go:44.47,45.21 1 0
github.com/josecordaz/run/cmd/size.go:45.21,48.18 3 0
github.com/josecordaz/run/cmd/size.go:51.4,52.18 2 0
github.com/josecordaz/run/cmd/size.go:56.4,56.31 1 0
github.com/josecordaz/run/cmd/size.go:63.4,64.28 2 0
github.com/josecordaz/run/cmd/size.go:69.4,71.28 3 0
github.com/josecordaz/run/cmd/size.go:48.18,50.5 1 0
github.com/josecordaz/run/cmd/size.go:52.18,55.5 2 0
github.com/josecordaz/run/cmd/size.go:56.31,57.21 1 0
github.com/josecordaz/run/cmd/size.go:57.21,59.6 1 0
github.com/josecordaz/run/cmd/size.go:59.11,61.6 1 0
github.com/josecordaz/run/cmd/size.go:64.28,65.44 1 0
github.com/josecordaz/run/cmd/size.go:65.44,67.6 1 0
github.com/josecordaz/run/cmd/size.go:71.28,75.5 3 0
github.com/josecordaz/run/cmd/size.go:76.9,79.4 2 0
github.com/josecordaz/run/cmd/size.go:83.44,86.2 2 0
github.com/josecordaz/run/cmd/size.go:88.35,89.9 1 1
github.com/josecordaz/run/cmd/size.go:103.2,103.13 1 0
github.com/josecordaz/run/cmd/size.go:90.19,92.40 2 0
github.com/josecordaz/run/cmd/size.go:93.22,95.40 2 0
github.com/josecordaz/run/cmd/size.go:96.25,98.40 2 1
github.com/josecordaz/run/cmd/size.go:99.28,101.40 2 0
github.com/josecordaz/run/cmd/size.go:106.43,108.16 2 0
github.com/josecordaz/run/cmd/size.go:112.2,113.29 2 0
github.com/josecordaz/run/cmd/size.go:120.2,120.13 1 0
github.com/josecordaz/run/cmd/size.go:108.16,111.3 2 0
github.com/josecordaz/run/cmd/size.go:113.29,114.19 1 0
github.com/josecordaz/run/cmd/size.go:114.19,116.4 1 0
github.com/josecordaz/run/cmd/size.go:116.9,118.4 1 0
github.com/josecordaz/run/cmd/size.go:123.13,135.2 1 1
github.com/josecordaz/run/cmd/toml.go:38.47,43.17 3 0
github.com/josecordaz/run/cmd/toml.go:46.3,47.17 2 0
github.com/josecordaz/run/cmd/toml.go:50.3,58.29 6 0
github.com/josecordaz/run/cmd/toml.go:43.17,45.4 1 0
github.com/josecordaz/run/cmd/toml.go:47.17,49.4 1 0
github.com/josecordaz/run/cmd/toml.go:58.29,60.4 1 0
github.com/josecordaz/run/cmd/toml.go:65.13,77.2 1 1
github.com/josecordaz/run/cmd/del.go:30.47,33.3 2 0
github.com/josecordaz/run/cmd/del.go:36.40,38.16 2 0
github.com/josecordaz/run/cmd/del.go:42.2,42.29 1 0
github.com/josecordaz/run/cmd/del.go:56.2,57.16 2 0
github.com/josecordaz/run/cmd/del.go:38.16,41.3 2 0
github.com/josecordaz/run/cmd/del.go:42.29,43.19 1 0
github.com/josecordaz/run/cmd/del.go:43.19,45.4 1 0
github.com/josecordaz/run/cmd/del.go:45.9,47.18 2 0
github.com/josecordaz/run/cmd/del.go:47.18,50.5 2 0
github.com/josecordaz/run/cmd/del.go:50.10,52.5 1 0
github.com/josecordaz/run/cmd/del.go:57.16,60.3 2 0
github.com/josecordaz/run/cmd/del.go:60.8,62.3 1 0
github.com/josecordaz/run/cmd/del.go:65.13,77.2 1 1
github.com/josecordaz/run/cmd/git.go:35.47,37.17 2 0
github.com/josecordaz/run/cmd/git.go:41.3,44.17 3 0
github.com/josecordaz/run/cmd/git.go:48.3,52.17 4 0
github.com/josecordaz/run/cmd/git.go:56.3,56.38 1 0
github.com/josecordaz/run/cmd/git.go:60.3,63.37 3 0
github.com/josecordaz/run/cmd/git.go:37.17,40.4 2 0
github.com/josecordaz/run/cmd/git.go:44.17,47.4 2 0
github.com/josecordaz/run/cmd/git.go:52.17,54.4 1 0
github.com/josecordaz/run/cmd/git.go:56.38,58.4 1 0
github.com/josecordaz/run/cmd/git.go:63.37,65.4 1 0
github.com/josecordaz/run/cmd/git.go:69.13,71.2 1 1
github.com/josecordaz/run/cmd/jsonIntegrity.go:36.47,39.17 2 0
github.com/josecordaz/run/cmd/jsonIntegrity.go:42.3,52.28 6 0
github.com/josecordaz/run/cmd/jsonIntegrity.go:108.3,108.12 1 0
github.com/josecordaz/run/cmd/jsonIntegrity.go:39.17,40.14 1 0
github.com/josecordaz/run/cmd/jsonIntegrity.go:52.28,53.25 1 0
github.com/josecordaz/run/cmd/jsonIntegrity.go:53.25,57.69 4 0
github.com/josecordaz/run/cmd/jsonIntegrity.go:57.69,62.20 3 0
github.com/josecordaz/run/cmd/jsonIntegrity.go:65.6,68.20 3 0
github.com/josecordaz/run/cmd/jsonIntegrity.go:71.6,77.25 6 0
github.com/josecordaz/run/cmd/jsonIntegrity.go:94.6,95.20 2 0
github.com/josecordaz/run/cmd/jsonIntegrity.go:99.6,99.52 1 0
github.com/josecordaz/run/cmd/jsonIntegrity.go:62.20,63.17 1 0
github.com/josecordaz/run/cmd/jsonIntegrity.go:68.20,69.17 1 0
github.com/josecordaz/run/cmd/jsonIntegrity.go:77.25,83.32 4 0
github.com/josecordaz/run/cmd/jsonIntegrity.go:87.7,88.21 2 0
github.com/josecordaz/run/cmd/jsonIntegrity.go:83.32,85.8 1 0
github.com/josecordaz/run/cmd/jsonIntegrity.go:88.21,91.8 2 0
github.com/josecordaz/run/cmd/jsonIntegrity.go:95.20,97.7 1 0
github.com/josecordaz/run/cmd/jsonIntegrity.go:99.52,100.48 1 0
github.com/josecordaz/run/cmd/jsonIntegrity.go:100.48,102.8 1 0
github.com/josecordaz/run/cmd/jsonIntegrity.go:112.13,124.2 1 1
github.com/josecordaz/run/cmd/mysql.go:52.47,70.44 15 0
github.com/josecordaz/run/cmd/mysql.go:70.44,75.53 5 0
github.com/josecordaz/run/cmd/mysql.go:75.53,99.5 17 0
github.com/josecordaz/run/cmd/mysql.go:99.10,101.5 1 0
github.com/josecordaz/run/cmd/mysql.go:106.13,115.2 8 1
github.com/josecordaz/run/cmd/mysql.go:117.87,119.29 2 0
github.com/josecordaz/run/cmd/mysql.go:129.2,129.22 1 0
github.com/josecordaz/run/cmd/mysql.go:119.29,121.17 2 0
github.com/josecordaz/run/cmd/mysql.go:124.3,124.12 1 0
github.com/josecordaz/run/cmd/mysql.go:121.17,123.4 1 0
github.com/josecordaz/run/cmd/mysql.go:124.12,127.4 2 0
github.com/josecordaz/run/cmd/mysql.go:132.46,133.12 1 0
github.com/josecordaz/run/cmd/mysql.go:145.2,145.11 1 0
github.com/josecordaz/run/cmd/mysql.go:134.10,135.3 1 0
github.com/josecordaz/run/cmd/mysql.go:139.12,140.3 1 0
github.com/josecordaz/run/cmd/mysql.go:135.3,138.4 2 0
github.com/josecordaz/run/cmd/mysql.go:140.3,143.4 2 0
github.com/josecordaz/run/cmd/mysql.go:148.52,149.12 1 0
github.com/josecordaz/run/cmd/mysql.go:159.2,159.19 1 0
github.com/josecordaz/run/cmd/mysql.go:150.10,151.3 1 0
github.com/josecordaz/run/cmd/mysql.go:154.12,155.3 1 0
github.com/josecordaz/run/cmd/mysql.go:151.3,153.4 1 0
github.com/josecordaz/run/cmd/mysql.go:155.3,157.4 1 0
github.com/josecordaz/run/cmd/mysql.go:162.73,166.16 4 0
github.com/josecordaz/run/cmd/mysql.go:170.2,174.16 5 0
github.com/josecordaz/run/cmd/mysql.go:178.2,178.18 1 0
github.com/josecordaz/run/cmd/mysql.go:186.2,187.23 2 0
github.com/josecordaz/run/cmd/mysql.go:190.2,191.16 2 0
github.com/josecordaz/run/cmd/mysql.go:194.2,194.17 1 0
github.com/josecordaz/run/cmd/mysql.go:166.16,169.3 2 0
github.com/josecordaz/run/cmd/mysql.go:174.16,177.3 2 0
github.com/josecordaz/run/cmd/mysql.go:178.18,180.40 2 0
github.com/josecordaz/run/cmd/mysql.go:184.3,184.37 1 0
github.com/josecordaz/run/cmd/mysql.go:180.40,183.4 2 0
github.com/josecordaz/run/cmd/mysql.go:187.23,189.3 1 0
github.com/josecordaz/run/cmd/mysql.go:191.16,193.3 1 0
github.com/josecordaz/run/cmd/mysql.go:197.75,200.16 3 0
github.com/josecordaz/run/cmd/mysql.go:203.2,206.16 3 0
github.com/josecordaz/run/cmd/mysql.go:210.2,210.12 1 0
github.com/josecordaz/run/cmd/mysql.go:200.16,202.3 1 0
github.com/josecordaz/run/cmd/mysql.go:206.16,208.3 1 0
github.com/josecordaz/run/cmd/mysql.go:212.95,216.24 3 0
github.com/josecordaz/run/cmd/mysql.go:241.2,241.158 1 0
github.com/josecordaz/run/cmd/mysql.go:245.2,249.12 3 0
github.com/josecordaz/run/cmd/mysql.go:216.24,218.7 2 0
github.com/josecordaz/run/cmd/mysql.go:218.7,219.15 1 0
github.com/josecordaz/run/cmd/mysql.go:222.4,223.18 2 0
github.com/josecordaz/run/cmd/mysql.go:227.4,230.42 3 0
github.com/josecordaz/run/cmd/mysql.go:234.4,238.32 3 0
github.com/josecordaz/run/cmd/mysql.go:219.15,220.10 1 0
github.com/josecordaz/run/cmd/mysql.go:223.18,225.5 1 0
github.com/josecordaz/run/cmd/mysql.go:230.42,232.5 1 0
github.com/josecordaz/run/cmd/mysql.go:241.158,244.3 2 0
github.com/josecordaz/run/cmd/mysql.go:252.67,254.83 2 0
github.com/josecordaz/run/cmd/mysql.go:258.2,258.16 1 0
github.com/josecordaz/run/cmd/mysql.go:262.2,263.16 2 0
github.com/josecordaz/run/cmd/mysql.go:267.2,267.19 1 0
github.com/josecordaz/run/cmd/mysql.go:254.83,257.3 2 0
github.com/josecordaz/run/cmd/mysql.go:258.16,260.3 1 0
github.com/josecordaz/run/cmd/mysql.go:263.16,265.3 1 0
github.com/josecordaz/run/cmd/mysql.go:270.50,271.30 1 0
github.com/josecordaz/run/cmd/mysql.go:271.30,273.3 1 0
github.com/josecordaz/run/cmd/mysql.go:276.89,277.31 1 0
github.com/josecordaz/run/cmd/mysql.go:288.2,288.15 1 0
github.com/josecordaz/run/cmd/mysql.go:277.31,279.23 2 0
github.com/josecordaz/run/cmd/mysql.go:284.3,284.11 1 0
github.com/josecordaz/run/cmd/mysql.go:279.23,280.18 1 0
github.com/josecordaz/run/cmd/mysql.go:280.18,282.5 1 0
github.com/josecordaz/run/cmd/mysql.go:284.11,286.4 1 0
github.com/josecordaz/run/cmd/mysql.go:291.57,295.16 4 0
github.com/josecordaz/run/cmd/mysql.go:298.2,300.27 2 0
github.com/josecordaz/run/cmd/mysql.go:331.2,331.18 1 0
github.com/josecordaz/run/cmd/mysql.go:295.16,297.3 1 0
github.com/josecordaz/run/cmd/mysql.go:300.27,301.22 1 0
github.com/josecordaz/run/cmd/mysql.go:305.3,306.17 2 0
github.com/josecordaz/run/cmd/mysql.go:310.3,311.17 2 0
github.com/josecordaz/run/cmd/mysql.go:314.3,319.17 4 0
github.com/josecordaz/run/cmd/mysql.go:323.3,324.17 2 0
github.com/josecordaz/run/cmd/mysql.go:328.3,328.68 1 0
github.com/josecordaz/run/cmd/mysql.go:301.22,303.4 1 0
github.com/josecordaz/run/cmd/mysql.go:306.17,308.4 1 0
github.com/josecordaz/run/cmd/mysql.go:311.17,313.4 1 0
github.com/josecordaz/run/cmd/mysql.go:319.17,321.4 1 0
github.com/josecordaz/run/cmd/mysql.go:324.17,326.4 1 0
github.com/josecordaz/run/cmd/mysql.go:334.28,335.16 1 0
github.com/josecordaz/run/cmd/mysql.go:335.16,338.3 2 0
